TN:
SF:apps/grp/lib/helpers.js
FN:21,escapeHtml
FN:34,parseParagraphs
FN:45,formatDate
FN:59,sortPostsNewestFirst
FN:69,isSlugUnique
FN:80,filterPublished
FN:99,getStore
FN:113,setStore
FN:122,migrateLegacyIfNeeded
FN:168,pageKey
FN:194,isImageType
FN:202,isSafeUrl
FN:219,hasSiteAccess
FN:226,grantSiteAccess
FN:233,isOwnerAuthenticated
FN:240,setOwnerAuthenticated
FN:248,getNavActiveLink
FN:261,buildMailtoUrl
FN:281,trapFocusGetBounds
FN:299,getCustomPosts
FN:313,setCustomPosts
FN:320,postUrl
FN:327,allPosts
FN:334,publishedFromAll
FN:347,isValidUrl
FNF:25
FNH:25
FNDA:10,escapeHtml
FNDA:7,parseParagraphs
FNDA:4,formatDate
FNDA:4,sortPostsNewestFirst
FNDA:5,isSlugUnique
FNDA:4,filterPublished
FNDA:11,getStore
FNDA:4,setStore
FNDA:11,migrateLegacyIfNeeded
FNDA:7,pageKey
FNDA:9,isImageType
FNDA:10,isSafeUrl
FNDA:7,hasSiteAccess
FNDA:3,grantSiteAccess
FNDA:8,isOwnerAuthenticated
FNDA:6,setOwnerAuthenticated
FNDA:10,getNavActiveLink
FNDA:5,buildMailtoUrl
FNDA:9,trapFocusGetBounds
FNDA:17,getCustomPosts
FNDA:10,setCustomPosts
FNDA:4,postUrl
FNDA:9,allPosts
FNDA:3,publishedFromAll
FNDA:11,isValidUrl
DA:1,1
DA:2,1
DA:3,1
DA:4,1
DA:5,1
DA:6,1
DA:7,1
DA:8,1
DA:9,1
DA:10,1
DA:11,1
DA:12,1
DA:14,1
DA:15,1
DA:16,1
DA:18,1
DA:19,1
DA:20,1
DA:21,1
DA:22,10
DA:23,10
DA:24,10
DA:25,10
DA:26,10
DA:27,10
DA:28,10
DA:30,1
DA:31,1
DA:32,1
DA:33,1
DA:34,1
DA:35,7
DA:36,7
DA:37,7
DA:38,7
DA:39,7
DA:41,1
DA:42,1
DA:43,1
DA:44,1
DA:45,1
DA:46,4
DA:47,4
DA:48,2
DA:49,2
DA:50,2
DA:51,2
DA:52,2
DA:53,2
DA:55,1
DA:56,1
DA:57,1
DA:58,1
DA:59,1
DA:60,4
DA:61,4
DA:63,1
DA:64,1
DA:65,1
DA:66,1
DA:67,1
DA:68,1
DA:69,1
DA:70,5
DA:71,5
DA:72,5
DA:73,5
DA:74,5
DA:75,5
DA:77,1
DA:78,1
DA:79,1
DA:80,1
DA:81,4
DA:82,4
DA:84,1
DA:85,1
DA:86,1
DA:88,1
DA:89,1
DA:90,1
DA:91,1
DA:92,1
DA:93,1
DA:95,1
DA:96,1
DA:97,1
DA:98,1
DA:99,1
DA:100,11
DA:101,11
DA:102,11
DA:103,10
DA:104,11
DA:105,11
DA:106,1
DA:107,1
DA:108,11
DA:110,1
DA:111,1
DA:112,1
DA:113,1
DA:114,4
DA:115,4
DA:117,1
DA:118,1
DA:119,1
DA:120,1
DA:121,1
DA:122,1
DA:123,11
DA:125,10
DA:126,10
DA:127,10
DA:128,10
DA:129,10
DA:130,10
DA:132,10
DA:133,11
DA:134,13
DA:135,13
DA:136,10
DA:137,10
DA:138,13
DA:139,9
DA:140,9
DA:141,9
DA:142,13
DA:143,1
DA:144,1
DA:145,13
DA:146,11
DA:148,9
DA:149,9
DA:150,12
DA:151,12
DA:152,12
DA:153,7
DA:154,7
DA:155,21
DA:156,7
DA:157,21
DA:158,7
DA:159,12
DA:160,9
DA:161,9
DA:162,9
DA:164,1
DA:165,1
DA:166,1
DA:167,1
DA:168,1
DA:169,7
DA:170,7
DA:171,7
DA:172,7
DA:174,1
DA:175,1
DA:176,1
DA:178,1
DA:179,1
DA:180,1
DA:181,1
DA:182,1
DA:183,1
DA:184,1
DA:186,1
DA:187,1
DA:188,1
DA:189,1
DA:191,1
DA:192,1
DA:193,1
DA:194,1
DA:195,9
DA:196,9
DA:198,1
DA:199,1
DA:200,1
DA:201,1
DA:202,1
DA:203,10
DA:204,10
DA:205,10
DA:206,10
DA:207,10
DA:208,6
DA:209,10
DA:210,10
DA:212,1
DA:213,1
DA:214,1
DA:216,1
DA:217,1
DA:218,1
DA:219,1
DA:220,7
DA:221,7
DA:223,1
DA:224,1
DA:225,1
DA:226,1
DA:227,3
DA:228,3
DA:230,1
DA:231,1
DA:232,1
DA:233,1
DA:234,8
DA:235,8
DA:237,1
DA:238,1
DA:239,1
DA:240,1
DA:241,6
DA:242,6
DA:244,1
DA:245,1
DA:246,1
DA:247,1
DA:248,1
DA:249,10
DA:250,10
DA:251,60
DA:252,60
DA:253,60
DA:254,60
DA:255,10
DA:256,10
DA:258,1
DA:259,1
DA:260,1
DA:261,1
DA:262,5
DA:263,5
DA:264,5
DA:265,5
DA:266,5
DA:267,5
DA:268,5
DA:269,5
DA:270,5
DA:271,5
DA:272,5
DA:273,5
DA:274,5
DA:275,5
DA:277,1
DA:278,1
DA:279,1
DA:280,1
DA:281,1
DA:282,9
DA:283,8
DA:284,8
DA:285,9
DA:286,9
DA:287,2
DA:288,2
DA:290,1
DA:291,1
DA:292,1
DA:294,1
DA:296,1
DA:297,1
DA:298,1
DA:299,1
DA:300,17
DA:301,17
DA:302,17
DA:303,15
DA:304,17
DA:305,17
DA:306,1
DA:307,1
DA:308,17
DA:310,1
DA:311,1
DA:312,1
DA:313,1
DA:314,10
DA:315,10
DA:317,1
DA:318,1
DA:319,1
DA:320,1
DA:321,4
DA:322,4
DA:324,1
DA:325,1
DA:326,1
DA:327,1
DA:328,9
DA:329,9
DA:331,1
DA:332,1
DA:333,1
DA:334,1
DA:335,3
DA:336,3
DA:338,1
DA:339,1
DA:340,1
DA:342,1
DA:343,1
DA:344,1
DA:345,1
DA:346,1
DA:347,1
DA:348,11
DA:349,11
DA:350,11
DA:351,11
DA:352,6
DA:353,11
DA:354,11
DA:355,11
DA:356,2
DA:357,11
DA:358,5
DA:359,5
DA:360,1
DA:361,1
LF:323
LH:323
BRDA:21,0,0,10
BRDA:34,1,0,7
BRDA:37,2,0,13
BRDA:45,3,0,4
BRDA:47,4,0,2
BRDA:59,5,0,4
BRDA:60,6,0,4
BRDA:60,7,0,0
BRDA:69,8,0,5
BRDA:74,9,0,4
BRDA:71,10,0,9
BRDA:71,11,0,2
BRDA:73,12,0,8
BRDA:80,13,0,4
BRDA:81,14,0,7
BRDA:99,15,0,11
BRDA:102,16,0,1
BRDA:102,17,0,10
BRDA:104,18,0,8
BRDA:104,19,0,6
BRDA:104,20,0,3
BRDA:105,21,0,1
BRDA:113,22,0,4
BRDA:122,23,0,11
BRDA:123,24,0,1
BRDA:123,25,0,10
BRDA:133,26,0,13
BRDA:135,27,0,3
BRDA:135,28,0,10
BRDA:138,29,0,9
BRDA:138,30,0,9
BRDA:142,31,0,1
BRDA:145,32,0,10
BRDA:146,33,0,1
BRDA:146,34,0,9
BRDA:149,35,0,12
BRDA:150,36,0,0
BRDA:152,37,0,8
BRDA:152,38,0,5
BRDA:152,39,0,7
BRDA:159,40,0,6
BRDA:154,41,0,21
BRDA:155,42,0,14
BRDA:155,43,0,7
BRDA:157,44,0,6
BRDA:168,45,0,7
BRDA:169,46,0,2
BRDA:170,47,0,2
BRDA:170,48,0,5
BRDA:171,49,0,0
BRDA:194,50,0,9
BRDA:202,51,0,10
BRDA:205,52,0,8
BRDA:206,53,0,7
BRDA:207,54,0,6
BRDA:219,55,0,7
BRDA:226,56,0,3
BRDA:233,57,0,8
BRDA:240,58,0,6
BRDA:241,59,0,3
BRDA:241,60,0,3
BRDA:248,61,0,10
BRDA:249,62,0,1
BRDA:250,63,0,60
BRDA:251,64,0,0
BRDA:252,65,0,12
BRDA:254,66,0,58
BRDA:261,67,0,5
BRDA:265,68,0,4
BRDA:266,69,0,4
BRDA:281,70,0,9
BRDA:282,71,0,1
BRDA:282,72,0,8
BRDA:285,73,0,4
BRDA:285,74,0,3
BRDA:285,75,0,5
BRDA:286,76,0,4
BRDA:286,77,0,3
BRDA:286,78,0,2
BRDA:299,79,0,17
BRDA:302,80,0,2
BRDA:302,81,0,15
BRDA:304,82,0,11
BRDA:304,83,0,3
BRDA:305,84,0,1
BRDA:313,85,0,10
BRDA:320,86,0,4
BRDA:327,87,0,9
BRDA:328,88,0,17
BRDA:328,89,0,2
BRDA:328,90,0,15
BRDA:334,91,0,3
BRDA:335,92,0,8
BRDA:347,93,0,11
BRDA:349,94,0,3
BRDA:349,95,0,8
BRDA:350,96,0,1
BRDA:350,97,0,7
BRDA:351,98,0,1
BRDA:351,99,0,6
BRDA:353,100,0,4
BRDA:354,101,0,3
BRDA:355,102,0,2
BRDA:357,103,0,5
BRDA:359,104,0,1
BRF:105
BRH:101
end_of_record
